1:C 09 Dec 2022 03:24:24.544 # oO0OoO0OoO0Oo Redis is starting oO0OoO0OoO0Oo
1:C 09 Dec 2022 03:24:24.558 # Redis version=7.0.3, bits=64, commit=00000000, modified=0, pid=1, just started
1:C 09 Dec 2022 03:24:24.564 # Configuration loaded
1:M 09 Dec 2022 03:24:24.578 * monotonic clock: POSIX clock_gettime
1:M 09 Dec 2022 03:24:24.592 * Running mode=standalone, port=6379.
1:M 09 Dec 2022 03:24:24.598 # Server initialized
1:M 09 Dec 2022 03:24:24.650 * Creating AOF base file appendonly.aof.1.base.rdb on server start
1:M 09 Dec 2022 03:24:24.663 * Creating AOF incr file appendonly.aof.1.incr.aof on server start
1:M 09 Dec 2022 03:24:24.669 * Ready to accept connections
1:M 09 Dec 2022 03:24:25.230 * Replica 172.50.5.2:6379 asks for synchronization
1:M 09 Dec 2022 03:24:25.231 * Full resync requested by replica 172.50.5.2:6379
1:M 09 Dec 2022 03:24:25.233 * Replication backlog created, my new replication IDs are 'c5f13741d91c299dfc5f75ce1b9dc92456a241c5' and '0000000000000000000000000000000000000000'
1:M 09 Dec 2022 03:24:25.234 * Delay next BGSAVE for diskless SYNC
1:M 09 Dec 2022 03:24:25.386 * Replica 172.50.5.1:6379 asks for synchronization
1:M 09 Dec 2022 03:24:25.389 * Full resync requested by replica 172.50.5.1:6379
1:M 09 Dec 2022 03:24:25.391 * Delay next BGSAVE for diskless SYNC
1:M 09 Dec 2022 03:24:30.768 * Starting BGSAVE for SYNC with target: replicas sockets
1:M 09 Dec 2022 03:24:30.772 * Background RDB transfer started by pid 17
17:C 09 Dec 2022 03:24:30.775 * Fork CoW for RDB: current 0 MB, peak 0 MB, average 0 MB
1:M 09 Dec 2022 03:24:30.777 # Diskless rdb transfer, done reading from pipe, 2 replicas still up.
1:M 09 Dec 2022 03:24:30.828 * Background RDB transfer terminated with success
1:M 09 Dec 2022 03:24:30.833 * Streamed RDB transfer with replica 172.50.5.2:6379 succeeded (socket). Waiting for REPLCONF ACK from slave to enable streaming
1:M 09 Dec 2022 03:24:30.836 * Synchronization with replica 172.50.5.2:6379 succeeded
1:M 09 Dec 2022 03:24:30.840 * Streamed RDB transfer with replica 172.50.5.1:6379 succeeded (socket). Waiting for REPLCONF ACK from slave to enable streaming
1:M 09 Dec 2022 03:24:30.843 * Synchronization with replica 172.50.5.1:6379 succeeded
1:signal-handler (1670529175) Received SIGTERM scheduling shutdown...
1:M 09 Dec 2022 03:52:55.384 # User requested shutdown...
1:M 09 Dec 2022 03:52:55.386 * 2 of 2 replicas are in sync when shutting down.
1:M 09 Dec 2022 03:52:55.387 * Calling fsync() on the AOF file.
1:M 09 Dec 2022 03:52:55.388 * Saving the final RDB snapshot before exiting.
1:M 09 Dec 2022 03:52:55.397 * DB saved on disk
1:M 09 Dec 2022 03:52:55.399 # Redis is now ready to exit, bye bye...
1:C 09 Dec 2022 03:53:09.946 # oO0OoO0OoO0Oo Redis is starting oO0OoO0OoO0Oo
1:C 09 Dec 2022 03:53:09.964 # Redis version=7.0.3, bits=64, commit=00000000, modified=0, pid=1, just started
1:C 09 Dec 2022 03:53:09.968 # Configuration loaded
1:M 09 Dec 2022 03:53:09.972 * monotonic clock: POSIX clock_gettime
1:M 09 Dec 2022 03:53:09.980 * Running mode=standalone, port=6379.
1:M 09 Dec 2022 03:53:09.982 # Server initialized
1:M 09 Dec 2022 03:53:09.991 * Reading RDB base file on AOF loading...
1:M 09 Dec 2022 03:53:09.993 * Loading RDB produced by version 7.0.3
1:M 09 Dec 2022 03:53:09.996 * RDB age 1725 seconds
1:M 09 Dec 2022 03:53:09.999 * RDB memory usage when created 0.82 Mb
1:M 09 Dec 2022 03:53:10.001 * RDB is base AOF
1:M 09 Dec 2022 03:53:10.003 * Done loading RDB, keys loaded: 0, keys expired: 0.
1:M 09 Dec 2022 03:53:10.004 * DB loaded from base file appendonly.aof.1.base.rdb: 0.016 seconds
1:M 09 Dec 2022 03:53:10.007 * DB loaded from append only file: 0.019 seconds
1:M 09 Dec 2022 03:53:10.008 * Opening AOF incr file appendonly.aof.1.incr.aof on server start
1:M 09 Dec 2022 03:53:10.010 * Ready to accept connections
1:S 09 Dec 2022 03:53:20.929 * Before turning into a replica, using my own master parameters to synthesize a cached master: I may be able to synchronize with the new master with just a partial transfer.
1:S 09 Dec 2022 03:53:20.932 * Connecting to MASTER 172.50.5.2:6379
1:S 09 Dec 2022 03:53:20.934 * MASTER <-> REPLICA sync started
1:S 09 Dec 2022 03:53:20.942 * REPLICAOF 172.50.5.2:6379 enabled (user request from 'id=4 addr=172.50.5.3:48008 laddr=172.50.5.0:6379 fd=9 name=sentinel-b8b2f680-cmd age=10 idle=0 flags=x db=0 sub=0 psub=0 ssub=0 multi=4 qbuf=198 qbuf-free=20276 argv-mem=4 multi-mem=178 rbs=1024 rbp=1024 obl=45 oll=0 omem=0 tot-mem=22574 events=r cmd=exec user=default redir=-1 resp=2')
1:S 09 Dec 2022 03:53:20.948 # CONFIG REWRITE executed with success.
1:S 09 Dec 2022 03:53:20.950 * Non blocking connect for SYNC fired the event.
1:S 09 Dec 2022 03:53:20.951 * Master replied to PING, replication can continue...
1:S 09 Dec 2022 03:53:20.952 * Trying a partial resynchronization (request 6a10fe16e444e00874dcf4a481525657dfc75d1d:1).
1:S 09 Dec 2022 03:53:25.745 * Full resync from master: 832c7c28e3f4b15c43e5ad909286facd71a90871:73212
1:S 09 Dec 2022 03:53:25.769 * MASTER <-> REPLICA sync: receiving streamed RDB from master with EOF to disk
1:S 09 Dec 2022 03:53:25.789 * Discarding previously cached master state.
1:S 09 Dec 2022 03:53:25.790 * MASTER <-> REPLICA sync: Flushing old data
1:S 09 Dec 2022 03:53:25.791 * MASTER <-> REPLICA sync: Loading DB in memory
1:S 09 Dec 2022 03:53:25.795 * Loading RDB produced by version 7.0.3
1:S 09 Dec 2022 03:53:25.797 * RDB age 0 seconds
1:S 09 Dec 2022 03:53:25.798 * RDB memory usage when created 1.36 Mb
1:S 09 Dec 2022 03:53:25.799 * Done loading RDB, keys loaded: 0, keys expired: 0.
1:S 09 Dec 2022 03:53:25.800 * MASTER <-> REPLICA sync: Finished with success
1:S 09 Dec 2022 03:53:25.802 * Creating AOF incr file temp-appendonly.aof.incr on background rewrite
1:S 09 Dec 2022 03:53:25.804 * Background append only file rewriting started by pid 18
18:C 09 Dec 2022 03:53:25.808 * Successfully created the temporary AOF base file temp-rewriteaof-bg-18.aof
18:C 09 Dec 2022 03:53:25.810 * Fork CoW for AOF rewrite: current 0 MB, peak 0 MB, average 0 MB
1:S 09 Dec 2022 03:53:25.845 * Background AOF rewrite terminated with success
1:S 09 Dec 2022 03:53:25.851 * Successfully renamed the temporary AOF base file temp-rewriteaof-bg-18.aof into appendonly.aof.2.base.rdb
1:S 09 Dec 2022 03:53:25.855 * Successfully renamed the temporary AOF incr file temp-appendonly.aof.incr into appendonly.aof.2.incr.aof
1:S 09 Dec 2022 03:53:25.860 * Removing the history file appendonly.aof.1.incr.aof in the background
1:S 09 Dec 2022 03:53:25.863 * Removing the history file appendonly.aof.1.base.rdb in the background
1:S 09 Dec 2022 03:53:25.869 * Background AOF rewrite finished successfully
1:S 09 Dec 2022 03:54:51.187 * REPLICAOF would result into synchronization with the master we are already connected with. No operation performed.
